<?xml version="1.0" encoding="UTF-8"?>
<!-- Generated by org.testng.reporters.JUnitReportReporter -->
<testsuite hostname="LAPTOP-MDM1H7HV" failures="0" tests="1" name="testsProductos.BackAndForwardTest" time="11.576" errors="0" timestamp="2019-11-26T21:15:23 ART" skipped="0">
  <testcase classname="testsProductos.BackAndForwardTest" name="womenForwardAndBack" time="11.576"/>
</testsuite> <!-- testsProductos.BackAndForwardTest -->
