<?xml version="1.0" encoding="UTF-8"?>
<!-- Generated by org.testng.reporters.JUnitReportReporter -->
<testsuite hostname="LAPTOP-MDM1H7HV" failures="0" tests="1" name="testsProductos.BackForwardTest" time="11.098" errors="0" timestamp="2019-11-25T21:49:53 ART" skipped="0">
  <testcase classname="testsProductos.BackForwardTest" name="backAndForward" time="11.098"/>
</testsuite> <!-- testsProductos.BackForwardTest -->
