<?xml version="1.0" encoding="UTF-8"?>
<!-- Generated by org.testng.reporters.JUnitReportReporter -->
<testsuite hostname="LAPTOP-MDM1H7HV" failures="0" tests="4" name="testsProductos.SearchItemsTest" time="8.632" errors="0" timestamp="2019-12-10T21:18:06 ART" skipped="3">
  <testcase classname="testsProductos.SearchItemsTest" name="clickWomen" time="8.632"/>
  <testcase classname="testsProductos.SearchItemsTest" name="ejercicioTarea">
    <skipped/>
  </testcase> <!-- ejercicioTarea -->
  <testcase classname="testsProductos.SearchItemsTest" name="searchNoResults">
    <skipped/>
  </testcase> <!-- searchNoResults -->
  <testcase classname="testsProductos.SearchItemsTest" name="findClothes">
    <skipped/>
  </testcase> <!-- findClothes -->
</testsuite> <!-- testsProductos.SearchItemsTest -->
