<?xml version="1.0" encoding="UTF-8"?>
<!-- Generated by org.testng.reporters.JUnitReportReporter -->
<testsuite hostname="LAPTOP-MDM1H7HV" failures="0" tests="4" name="testsProductos.SearchItemsTest" time="10.016" errors="0" timestamp="2019-11-26T21:15:23 ART" skipped="3">
  <testcase classname="testsProductos.SearchItemsTest" name="clickWomen" time="10.016"/>
  <testcase classname="testsProductos.SearchItemsTest" name="ejercicioTarea">
    <skipped/>
  </testcase> <!-- ejercicioTarea -->
  <testcase classname="testsProductos.SearchItemsTest" name="searchNoResults">
    <skipped/>
  </testcase> <!-- searchNoResults -->
  <testcase classname="testsProductos.SearchItemsTest" name="findClothes">
    <skipped/>
  </testcase> <!-- findClothes -->
</testsuite> <!-- testsProductos.SearchItemsTest -->
